{"obj": {"type": "AssignString", "path": ["sys", "name"], "value": "Untitled"}, "version": 1}
{"obj": {"type": "AssignString", "path": ["sys", "description"], "value": ""}, "version": 2}
{"obj": {"type": "AssignString", "path": ["monitoring", "97c07a78", "hostname"], "value": "MacBook-Pro-von-Jan-Hendrik.local"}, "version": 3}
{"obj": {"type": "AssignString", "path": ["sys", "hostname"], "value": "MacBook-Pro-von-Jan-Hendrik.local"}, "version": 4}
{"obj": {"type": "AssignString", "path": ["monitoring", "97c07a78", "pid"], "value": "90640"}, "version": 5}
{"obj": {"type": "AssignString", "path": ["monitoring", "97c07a78", "tid"], "value": "8079462400"}, "version": 6}
{"obj": {"type": "AssignBool", "path": ["sys", "failed"], "value": false}, "version": 7}
{"obj": {"type": "AssignString", "path": ["network_name"], "value": "202204_waypoints_DP10_HDBSCAN13_tromso_full_UTM"}, "version": 8}
{"obj": {"type": "AssignInt", "path": ["n_points"], "value": 796177}, "version": 9}
{"obj": {"type": "AssignInt", "path": ["n_nodes"], "value": 541}, "version": 10}
{"obj": {"type": "AssignInt", "path": ["n_edges"], "value": 2139}, "version": 11}
{"obj": {"type": "AssignString", "path": ["network_parameters", "Data"], "value": "../../data/processed/202204_points_tromso_cleaned_meta_full_dualSplit_2.parquet"}, "version": 12}
{"obj": {"type": "AssignInt", "path": ["network_parameters", "DP_tolerance"], "value": 10}, "version": 13}
{"obj": {"type": "AssignString", "path": ["network_parameters", "clustering_method"], "value": "HDBSCAN"}, "version": 14}
{"obj": {"type": "AssignString", "path": ["network_parameters", "clustering_metric"], "value": "mahalanobis"}, "version": 15}
{"obj": {"type": "AssignInt", "path": ["network_parameters", "clustering_min_samples"], "value": 13}, "version": 16}
{"obj": {"type": "AssignInt", "path": ["network_parameters", "clustering_min_cluster_size"], "value": 13}, "version": 17}
{"obj": {"type": "AssignInt", "path": ["network_parameters", "clustering_eps"], "value": 0}, "version": 18}
{"obj": {"type": "AssignInt", "path": ["network_parameters", "graph_generation_max_distance"], "value": 20}, "version": 19}
{"obj": {"type": "AssignInt", "path": ["network_parameters", "graph_generation_max_angle"], "value": 45}, "version": 20}
{"obj": {"type": "AssignFloat", "path": ["network_parameters", "clustering_metric_V_coord"], "value": 1.0}, "version": 21}
{"obj": {"type": "AssignFloat", "path": ["network_parameters", "clustering_metric_V_cog"], "value": 0.01}, "version": 22}
{"obj": {"type": "AssignFloat", "path": ["network_parameters", "clustering_metric_V_speed"], "value": 1.0}, "version": 23}
{"obj": {"type": "AssignString", "path": ["training_data", "training_dates"], "value": "['202205']"}, "version": 24}
{"obj": {"type": "AssignInt", "path": ["training_data", "n_training_paths"], "value": 1433}, "version": 25}
{"obj": {"type": "AssignString", "path": ["test_data", "test_dates"], "value": "['202206']"}, "version": 26}
{"obj": {"type": "AssignInt", "path": ["test_data", "selection_start"], "value": 0}, "version": 27}
{"obj": {"type": "AssignInt", "path": ["test_data", "selection_end"], "value": -1}, "version": 28}
{"obj": {"type": "AssignInt", "path": ["test_data", "selection_step"], "value": 20}, "version": 29}
{"obj": {"type": "AssignInt", "path": ["test_data", "n_test_paths"], "value": 1803}, "version": 30}
{"obj": {"type": "AssignString", "path": ["prediction_task"], "value": "next_nodes"}, "version": 31}
{"obj": {"type": "AssignString", "path": ["eval_mode"], "value": "path"}, "version": 32}
{"obj": {"type": "AssignString", "path": ["model_type"], "value": "MOGen"}, "version": 33}
{"obj": {"type": "AssignInt", "path": ["MOGen_n_walks"], "value": 1000}, "version": 34}
{"obj": {"type": "AssignInt", "path": ["MOGen_max_order"], "value": 4}, "version": 35}
{"obj": {"type": "AssignInt", "path": ["MOGen_optimal_order"], "value": 1}, "version": 36}
{"obj": {"type": "AssignString", "path": ["MOGen_training_mode"], "value": "partial"}, "version": 37}
{"obj": {"type": "AssignInt", "path": ["n_start_nodes"], "value": 2}, "version": 38}
{"obj": {"type": "AssignInt", "path": ["n_steps"], "value": 2}, "version": 39}
{"obj": {"type": "UploadFile", "path": ["plot"], "ext": "png", "file_path": null, "tmp_file_name": "plot-1705429544.469935-2024-01-16_19.25.44.469935.png", "clean_after_upload": false}, "version": 40}
{"obj": {"type": "AssignFloat", "path": ["failure_rate"], "value": 1.0}, "version": 41}
{"obj": {"type": "AssignFloat", "path": ["mean_abs_err"], "value": NaN}, "version": 42}
{"obj": {"type": "AssignFloat", "path": ["median_abs_err"], "value": NaN}, "version": 43}
{"obj": {"type": "AssignFloat", "path": ["choice_accuracy"], "value": NaN}, "version": 44}
